2024-06-16 15:53:54
++++++++++++++++++++++++++++++++++++++++CONFIGURATION SUMMARY++++++++++++++++++++++++++++++++++++++++
 Status:
     mode                 : train
 ++++++++++++++++++++++++++++++++++++++++
 Datasets:
     datasets         fold: data/example_datasets
     train            file: train.csv
     validation       file: dev.csv
     vocab             dir: data/example_datasets/vocabs
     delimiter            : b
     use  pretrained model: True
     pretrained      model: Bert
     huggingface       tag: E:\\1_Code\\Transformer\\BERT_Data\\bert230\\bert-base-chinese
     finetune             : True
     use    middle   model: True
     middle          model: bilstm
     checkpoints       dir: checkpoints/0616
     log               dir: data/example_datasets/logs
 ++++++++++++++++++++++++++++++++++++++++
Labeling Scheme:
     label          scheme: BIO
     label           level: 2
     suffixes             : ['ORG', 'PER', 'LOC']
     measuring     metrics: ['precision', 'recall', 'f1', 'accuracy']
 ++++++++++++++++++++++++++++++++++++++++
Model Configuration:
     embedding         dim: 300
     max  sequence  length: 300
     hidden            dim: 200
     filter           nums: 64
     idcnn            nums: 2
     CUDA  VISIBLE  DEVICE: 0
     seed                 : 42
 ++++++++++++++++++++++++++++++++++++++++
 Training Settings:
     epoch                : 1
     batch            size: 5
     dropout              : 0.5
     learning         rate: 5e-05
     optimizer            : Adam
     use               gan: False
     gan            method: fgm
     checkpoint       name: model0616
     max       checkpoints: 3
     print       per_batch: 20
     is     early     stop: True
     patient              : 5
++++++++++++++++++++++++++++++++++++++++CONFIGURATION SUMMARY END++++++++++++++++++++++++++++++++++++++++
label vocab files not exist, building label vocab...
dataManager initialed...
mode: train
loading train data...
